make all --print-data-base --no-builtin-variables --no-builtin-rules --question
make: *** No rule to make target 'all'.  Stop.
 
# GNU Make 4.3
# Built for x86_64-pc-linux-gnu
# Copyright (C) 1988-2020 Free Software Foundation, Inc.
# License GPLv3+: GNU GPL version 3 or later <http://gnu.org/licenses/gpl.html>
# This is free software: you are free to change and redistribute it.
# There is NO WARRANTY, to the extent permitted by law.

# Make data base, printed on Mon Mar  8 09:08:07 2021

# Variables

# environment
GNOME_SHELL_SESSION_MODE = pop
# environment
OSH = /home/steve/.oh-my-bash
# environment
GJS_DEBUG_OUTPUT = stderr
# environment
VSCODE_IPC_HOOK_EXTHOST = /run/user/1000/vscode-ipc-ce061ce2-af9f-4213-b59b-cc1b3b2540cc.sock
# environment
MANDATORY_PATH = /usr/share/gconf/pop.mandatory.path
# environment
LC_NAME = en_US.UTF-8
# environment
LC_NUMERIC = en_US.UTF-8
# makefile (from 'Makefile', line 4)
alpine_version := 3.13.1
# environment
WINDOWPATH = 2
# environment
LC_ADDRESS = en_US.UTF-8
# environment
LIBVIRT_DEFAULT_URI = qemu:///system
# default
MAKE_COMMAND := make
# environment
QT_ACCESSIBILITY = 1
# automatic
@D = $(patsubst %/,%,$(dir $@))
# environment
VSCODE_HANDLES_UNCAUGHT_ERRORS = true
# default
.VARIABLES := 
# environment
PWD = /home/steve/git/r15cookieblog
# automatic
%D = $(patsubst %/,%,$(dir $%))
# environment
LSCOLORS = Gxfxcxdxdxegedabagacad
# environment
XDG_DATA_DIRS = /usr/share/pop:/home/steve/.local/share/flatpak/exports/share:/var/lib/flatpak/exports/share:/usr/local/share:/usr/share
# automatic
^D = $(patsubst %/,%,$(dir $^))
# environment
VSCODE_LOG_STACK = false
# automatic
%F = $(notdir $%)
# environment
LANG = en_US.UTF-8
# environment
XAUTHORITY = /run/user/1000/gdm/Xauthority
# default
.LOADED := 
# default
.INCLUDE_DIRS = /usr/local/include /usr/include /usr/include
# makefile (from 'Makefile', line 7)
DOCKER_REPO = quay.io/ssmiller25
# makefile
MAKEFLAGS = pqrR
# makefile (from 'Makefile', line 15)
KUBECONFIG = kubeconfig.$(CLUSTER_NAME)
# makefile
CURDIR := /home/steve/git/r15cookieblog
# environment
VSCODE_PIPE_LOGGING = true
# environment
APPLICATION_INSIGHTS_NO_DIAGNOSTIC_CHANNEL = true
# environment
LESSOPEN = | /usr/bin/lesspipe %s
# automatic
*D = $(patsubst %/,%,$(dir $*))
# environment
MFLAGS = -pqrR
# environment
SSH_AUTH_SOCK = /run/user/1000/keyring/ssh
# default
.SHELLFLAGS := -c
# environment
XDG_CONFIG_DIRS = /etc/xdg/xdg-pop:/etc/xdg
# automatic
+D = $(patsubst %/,%,$(dir $+))
# environment
VSCODE_CRASH_REPORTER_START_OPTIONS = {"companyName":"Microsoft","productName":"VSCode","submitURL":"appcenter://code?aid=fba07a4d-84bd-4fc8-a125-9640fc8ce171&uid=db15a0a3-f360-493f-94b2-b2865970019a&iid=db15a0a3-f360-493f-94b2-b2865970019a&sid=db15a0a3-f360-493f-94b2-b2865970019a","uploadToServer":true}
# environment
XDG_SESSION_DESKTOP = pop
# makefile (from 'Makefile', line 1)
MAKEFILE_LIST := Makefile
# automatic
@F = $(notdir $@)
# environment
VSCODE_VERBOSE_LOGGING = true
# environment
VSCODE_PID = 70396
# environment
HISTIGNORE = &:[ ]*:exit:ls:bg:fg:history:clear
# environment
XDG_SESSION_TYPE = x11
# automatic
?D = $(patsubst %/,%,$(dir $?))
# environment
SESSION_MANAGER = local/rory-mac:@/tmp/.ICE-unix/3601,unix/rory-mac:/tmp/.ICE-unix/3601
# automatic
*F = $(notdir $*)
# environment
CHROME_DESKTOP = code-url-handler.desktop
# environment
DBUS_SESSION_BUS_ADDRESS = unix:path=/run/user/1000/bus
# automatic
<D = $(patsubst %/,%,$(dir $<))
# environment
VSCODE_NLS_CONFIG = {"locale":"en-us","availableLanguages":{},"_languagePackSupport":true}
# environment
BREAKPAD_DUMP_LOCATION = /home/steve/.config/Code/exthost Crash Reports
# default
MAKE_HOST := x86_64-pc-linux-gnu
# environment
GNOME_DESKTOP_SESSION_ID = this-is-deprecated
# makefile
SHELL = /bin/sh
# makefile (from 'Makefile', line 16)
KUBECTL = kubectl --kubeconfig=$(KUBECONFIG)
# makefile (from 'Makefile', line 2)
version := 0.9.0
# default
MAKECMDGOALS := all
# environment
XMODIFIERS = @im=ibus
# environment
GJS_DEBUG_TOPICS = JS ERROR;JS LOG
# environment
SHLVL = 0
# environment
MAKELEVEL := 0
# default
MAKE = $(MAKE_COMMAND)
# environment
PATH = /home/steve/bin:/home/steve/bin:/usr/local/sbin:/usr/local/bin:/usr/sbin:/usr/bin:/sbin:/bin:/usr/games:/usr/local/games:/snap/bin:/home/steve/.arkade/bin/:/home/steve/.krew/bin/
# default
MAKEFILES := 
# environment
LANGUAGE = en_US:en
# environment
LC_MONETARY = en_US.UTF-8
# automatic
^F = $(notdir $^)
# environment
LC_TIME = en_US.UTF-8
# environment
INVOCATION_ID = bcd602536135435f81c17a3fd1290e60
# makefile (from 'Makefile', line 13)
CLUSTER_NAME = blog
# makefile (from 'Makefile', line 14)
CIVO_SIZE = g2.small
# environment
VSCODE_LOG_NATIVE = false
# makefile (from 'Makefile', line 1)
git_hash = $(shell git rev-parse --short -q HEAD)
# environment
USERNAME = steve
# environment
LC_TELEPHONE = en_US.UTF-8
# environment
LESSCLOSE = /usr/bin/lesspipe %s %s
# automatic
?F = $(notdir $?)
# environment
GTK_IM_MODULE = ibus
# environment
XDG_CURRENT_DESKTOP = Unity
# environment
LS_COLORS = 
# automatic
+F = $(notdir $+)
# environment
LESS = -R
# environment
DESKTOP_SESSION = pop
# environment
ORIGINAL_XDG_CURRENT_DESKTOP = pop:GNOME
# 'override' directive
GNUMAKEFLAGS := 
# environment
LOGNAME = steve
# environment
define COMP_WORDBREAKS
 	
"'><=;|&(
endef
# environment
GIO_LAUNCHED_DESKTOP_FILE = /usr/share/applications/code.desktop
# makefile
.DEFAULT_GOAL := build
# makefile (from 'Makefile', line 3)
release_date := 2021-03-08
# environment
EDITOR = vi
# environment
DISPLAY = :1
# environment
USER = steve
# environment
GTK_MODULES = gail:atk-bridge:appmenu-gtk-module
# environment
DEFAULTS_PATH = /usr/share/gconf/pop.default.path
# default
MAKE_VERSION := 4.3
# 'override' directive
.SHELLSTATUS := 0
# environment
MANAGERPID = 2673
# environment
LC_MEASUREMENT = en_US.UTF-8
# environment
GIO_LAUNCHED_DESKTOP_FILE_PID = 70396
# environment
SSH_AGENT_PID = 3549
# environment
PAGER = less
# environment
VSCODE_NODE_CACHED_DATA_DIR = /home/steve/.config/Code/CachedData/622cb03f7e070a9670c94bae1a45d78d7181fbd4
# environment
_ = /usr/share/code/code
# environment
LC_PAPER = en_US.UTF-8
# environment
XDG_RUNTIME_DIR = /run/user/1000
# environment
GPG_AGENT_INFO = /run/user/1000/gnupg/S.gpg-agent:0:1
# environment
LC_CTYPE = en_US.UTF-8
# environment
JOURNAL_STREAM = 8:55317
# environment
VISUAL = vi
# environment
XDG_SESSION_CLASS = user
# environment
VSCODE_AMD_ENTRYPOINT = vs/workbench/services/extensions/node/extensionHostProcess
# environment
HOME = /home/steve
# environment
QT_IM_MODULE = ibus
# environment
ELECTRON_RUN_AS_NODE = 1
# environment
VSCODE_IPC_HOOK = /run/user/1000/vscode-b42ea94c-1.53.2-main.sock
# environment
PAPERSIZE = letter
# default
.RECIPEPREFIX := 
# automatic
<F = $(notdir $<)
# default
SUFFIXES := 
# makefile (from 'Makefile', line 9)
CIVO_CMD = "civo"
# default
.FEATURES := target-specific order-only second-expansion else-if shortest-stem undefine oneshell nocomment grouped-target extra-prereqs archives jobserver output-sync check-symlink load
# makefile (from 'Makefile', line 5)
nginx_version := 1.19.6
# environment
XDG_MENU_PREFIX = gnome-
# environment
GDMSESSION = pop
# environment
LC_IDENTIFICATION = en_US.UTF-8
# variable set hash-table stats:
# Load=131/1024=13%, Rehash=0, Collisions=9/173=5%

# Pattern-specific Variable Values

# No pattern-specific variable values.

# Directories

# . (device 64769, inode 7475038): 23 files, no impossibilities.
 

# 23 files, no impossibilities in 1 directories.

# Implicit Rules

# No implicit rules.

# Files

civo-up: kubeconfig.blog
#  Phony target (prerequisite of .PHONY).
#  Implicit rule search has not been done.
#  File does not exist.
#  File has not been updated.

# Not a target:
Makefile:
#  Implicit rule search has been done.
#  Last modified 2021-01-30 21:21:40.828122891
#  File has been updated.
#  Successfully updated.

civo-env: kubeconfig.blog
#  Implicit rule search has not been done.
#  Modification time never checked.
#  File has not been updated.
#  recipe to execute (from 'Makefile', line 80):
	export KUBECONFIG=$(KUBECONFIG)

stop:
#  Phony target (prerequisite of .PHONY).
#  Implicit rule search has not been done.
#  File does not exist.
#  File has not been updated.
#  recipe to execute (from 'Makefile', line 42):
	@echo "Stopping r15cookieblog - should shelf-cleanup"
	@docker stop r15cookieblog

civo-down:
#  Phony target (prerequisite of .PHONY).
#  Implicit rule search has not been done.
#  File does not exist.
#  File has not been updated.
#  recipe to execute (from 'Makefile', line 71):
	@echo "Removing $(CLUSTER_NAME)"
	@$(CIVO_CMD) k3s remove $(CLUSTER_NAME) || true
	@rm $(KUBECONFIG)

push:
#  Phony target (prerequisite of .PHONY).
#  Implicit rule search has not been done.
#  File does not exist.
#  File has not been updated.
#  recipe to execute (from 'Makefile', line 47):
	@docker push ${DOCKER_REPO}/r15cookieblog:$(git_hash)
	@docker push ${DOCKER_REPO}/r15cookieblog:latest

# Not a target:
.DEFAULT:
#  Implicit rule search has not been done.
#  Modification time never checked.
#  File has not been updated.

# Not a target:
all:
#  Command line target.
#  Implicit rule search has been done.
#  File does not exist.
#  File has not been updated.

run:
#  Phony target (prerequisite of .PHONY).
#  Implicit rule search has not been done.
#  File does not exist.
#  File has not been updated.
#  recipe to execute (from 'Makefile', line 37):
	@docker run -d --rm -p 8080:80 --name r15cookieblog ${DOCKER_REPO}/r15cookieblog:latest 
	@echo "Local running.  Go to http://localhost:8080/ to view"

build:
#  Phony target (prerequisite of .PHONY).
#  Implicit rule search has not been done.
#  File does not exist.
#  File has not been updated.
#  recipe to execute (from 'Makefile', line 21):
	@docker build . -t ${DOCKER_REPO}/r15cookieblog:${git_hash} \
		$(docker_extra_param) \
		--build-arg GIT_HASH=${git_hash} \
		--build-arg VERSION=${version} \
		--build-arg RELEASE_DATE=${release_date} \
		--build-arg ALPINE_VERSION=${alpine_version} \
		--build-arg NGINX_VERSION=${nginx_version}
	@docker tag ${DOCKER_REPO}/r15cookieblog:${git_hash} ${DOCKER_REPO}/r15cookieblog:latest

kubeconfig.blog:
#  Implicit rule search has not been done.
#  Modification time never checked.
#  File has not been updated.
#  recipe to execute (from 'Makefile', line 65):
	@echo "Creating $(CLUSTER_NAME)"
	@$(CIVO_CMD) k3s list | grep -q $(CLUSTER_NAME) || $(CIVO_CMD) k3s create $(CLUSTER_NAME) -n 1 --size $(CIVO_SIZE) --wait
	@$(CIVO_CMD) k3s config $(CLUSTER_NAME) > $(KUBECONFIG)

civo-deploy: kubeconfig.blog
#  Phony target (prerequisite of .PHONY).
#  Implicit rule search has not been done.
#  File does not exist.
#  File has not been updated.
#  recipe to execute (from 'Makefile', line 77):
	@$(KUBECTL) apply -k ./

cache-upstream:
#  Phony target (prerequisite of .PHONY).
#  Implicit rule search has not been done.
#  File does not exist.
#  File has not been updated.
#  recipe to execute (from 'Makefile', line 53):
	docker pull alpine:${alpine_version} 
	docker pull nginx:${nginx_version}
	docker tag alpine:${alpine_version} $(DOCKER_REPO)/alpine:${alpine_version}
	docker tag nginx:${nginx_version} $(DOCKER_REPO)/nginx:${nginx_version}
	docker push $(DOCKER_REPO)/alpine:${alpine_version} 
	docker push $(DOCKER_REPO)/nginx:${nginx_version}

.PHONY: build build-nocache run stop push cache-upstream civo-up civo-down civo-deploy
#  Implicit rule search has not been done.
#  Modification time never checked.
#  File has not been updated.

# makefile (from 'Makefile', line 31)
build-nocache: docker_extra_param = --no-cache
build-nocache: build
#  Phony target (prerequisite of .PHONY).
#  Implicit rule search has not been done.
#  File does not exist.
#  File has not been updated.
# variable set hash-table stats:
# Load=1/32=3%, Rehash=0, Collisions=1/2=50%

# files hash-table stats:
# Load=16/1024=2%, Rehash=0, Collisions=0/58=0%
# VPATH Search Paths

# No 'vpath' search paths.

# No general ('VPATH' variable) search path.

# strcache buffers: 1 (0) / strings = 40 / storage = 398 B / avg = 9 B
# current buf: size = 8162 B / used = 398 B / count = 40 / avg = 9 B

# strcache performance: lookups = 86 / hit rate = 53%
# hash-table stats:
# Load=40/8192=0%, Rehash=0, Collisions=0/86=0%
# Finished Make data base on Mon Mar  8 09:08:07 2021

 
